2024-12-10 20:32:16,360 - root - INFO - Starting train mode with config from /Users/madadi/workspace/DirectFulfillmentSpeedForecastModel/src/DirectFulfillmentSpeedForecastModel/src/direct_fulfillment_speed_forecast_model/configs/base.yaml
2024-12-10 20:32:16,360 - root - INFO - Loading raw data...
2024-12-10 20:32:29,287 - root - INFO - Starting main production pipeline...
2024-12-10 20:32:29,288 - root - INFO - Starting data validation...
2024-12-10 20:32:30,100 - root - INFO - Dropping rows with missing values.
2024-12-10 20:32:30,719 - root - INFO - Starting feature engineering...
2024-12-10 20:32:31,008 - root - INFO - Converting nullable integer column 'is_new_year_week' to int64
2024-12-10 20:32:31,017 - root - INFO - Converting nullable integer column 'is_new_year_week_prior' to int64
2024-12-10 20:32:31,022 - root - INFO - Converting nullable integer column 'is_memorial_week' to int64
2024-12-10 20:32:31,028 - root - INFO - Converting nullable integer column 'is_memorial_week_prior' to int64
2024-12-10 20:32:31,033 - root - INFO - Converting nullable integer column 'is_labor_day_week' to int64
2024-12-10 20:32:31,039 - root - INFO - Converting nullable integer column 'is_labor_day_week_prior' to int64
2024-12-10 20:32:31,045 - root - INFO - Converting nullable integer column 'is_thanksgiving_week' to int64
2024-12-10 20:32:31,050 - root - INFO - Converting nullable integer column 'is_thanksgiving_week_prior' to int64
2024-12-10 20:32:31,056 - root - INFO - Converting nullable integer column 'is_christmas_week' to int64
2024-12-10 20:32:31,061 - root - INFO - Converting nullable integer column 'is_christmas_week_prior' to int64
2024-12-10 20:32:31,067 - root - INFO - Converting nullable integer column 'is_black_friday_week' to int64
2024-12-10 20:32:31,072 - root - INFO - Converting nullable integer column 'is_black_friday_week_prior' to int64
2024-12-10 20:32:31,078 - root - INFO - Converting nullable integer column 'is_cyber_monday_week' to int64
2024-12-10 20:32:31,084 - root - INFO - Converting nullable integer column 'is_cyber_monday_week_prior' to int64
2024-12-10 20:32:31,090 - root - INFO - Converting nullable integer column 'is_prime_week' to int64
2024-12-10 20:32:31,096 - root - INFO - Converting nullable integer column 'is_prime_fall_deal_event_week' to int64
2024-12-10 20:32:31,102 - root - INFO - Converting nullable integer column 'is_super_bowl_week' to int64
2024-12-10 20:32:31,107 - root - INFO - Converting nullable integer column 'is_super_bowl_week_prior' to int64
2024-12-10 20:32:31,352 - root - INFO - Converting object column 'distance_mi' to string
2024-12-10 20:32:31,712 - root - INFO - Converting object column 'vendor_primary_gl_description' to string
2024-12-10 20:32:31,739 - root - INFO - Converting object column 'warehouse_id' to string
2024-12-10 20:32:31,767 - root - INFO - Converting object column 'destination_zip3' to string
2024-12-10 20:32:31,794 - root - INFO - Feature engineering complete.
2024-12-10 20:32:31,817 - root - INFO - Capping outliers for c2d_days_1: [1.00, 43.00]
2024-12-10 20:32:31,832 - root - INFO - Outlier handling changed mean from 5.30 to 5.27
2024-12-10 20:32:37,757 - root - INFO - Train data shape: (617658, 30), Validation data shape: (264711, 30)
2024-12-10 20:32:37,762 - root - INFO - Starting model training...
2024-12-10 20:33:59,046 - root - INFO - Model training complete. Model saved at models/quantile_model_20241210_2032.
